2025-10-04 09:16:05,922 [INFO] main.main: Fetched 20 activities:
2025-10-04 09:16:05,923 [INFO] main.main: - Afternoon Walk on 2025-10-03T10:11:28Z (1.51 km)
2025-10-04 09:16:05,923 [INFO] main.main: - Morning Walk on 2025-10-03T01:08:56Z (1.65 km)
2025-10-04 09:16:05,923 [INFO] main.main: - Evening Ride on 2025-10-02T12:18:41Z (1.89 km)
2025-10-04 09:16:05,923 [INFO] main.main: - Morning Run on 2025-10-01T23:08:35Z (6.06 km)
2025-10-04 09:16:06,618 [INFO] main.main: - Evening Ride on 2025-10-01T13:24:37Z (1.87 km)
2025-10-04 09:16:06,618 [INFO] main.main: - Morning Run on 2025-09-30T23:57:56Z (2.02 km)
2025-10-04 09:16:07,048 [INFO] main.main: - Morning Run on 2025-09-30T23:21:41Z (5.01 km)
2025-10-04 09:16:07,726 [INFO] main.main: - Morning Run on 2025-09-30T23:03:54Z (2.01 km)
2025-10-04 09:16:08,125 [INFO] main.main: - Morning Run on 2025-09-29T23:02:33Z (10.02 km)
2025-10-04 09:16:08,841 [INFO] main.main: - Evening Ride on 2025-09-29T11:55:20Z (1.88 km)
2025-10-04 09:16:08,841 [INFO] main.main: - Morning Run on 2025-09-26T22:55:51Z (16.01 km)
2025-10-04 09:16:09,452 [INFO] main.main: - Evening Ride on 2025-09-25T12:02:36Z (1.92 km)
2025-10-04 09:16:09,453 [INFO] main.main: - Morning Run on 2025-09-25T00:08:06Z (2.01 km)
2025-10-04 09:16:09,953 [INFO] main.main: - Morning Run on 2025-09-24T23:30:06Z (5.02 km)
2025-10-04 09:16:10,392 [INFO] main.main: - Morning Run on 2025-09-24T23:11:12Z (2.01 km)
2025-10-04 09:16:10,839 [INFO] main.main: - Evening Ride on 2025-09-24T13:10:52Z (1.90 km)
2025-10-04 09:16:10,839 [INFO] main.main: - Morning Run on 2025-09-23T23:12:05Z (8.06 km)
2025-10-04 09:16:11,748 [INFO] main.main: - Night Ride on 2025-09-22T14:33:33Z (1.87 km)
2025-10-04 09:16:11,749 [INFO] main.main: - Morning Run on 2025-09-20T22:45:52Z (17.01 km)
2025-10-04 09:16:12,437 [INFO] main.main: - Morning Run on 2025-09-18T23:11:16Z (7.04 km)
2025-10-04 09:16:14,184 [INFO] visualizer.visualize: Plot saved to activity_16004421121.png
2025-10-04 09:16:14,551 [INFO] visualizer.visualize: Plot saved to activity_15993294011.png
2025-10-04 09:16:15,050 [INFO] visualizer.visualize: Plot saved to activity_15993294064.png
2025-10-04 09:16:15,430 [INFO] visualizer.visualize: Plot saved to activity_15993294057.png
2025-10-04 09:16:16,035 [INFO] visualizer.visualize: Plot saved to activity_15981512630.png
2025-10-04 09:16:16,907 [INFO] visualizer.visualize: Plot saved to activity_15947907447.png
2025-10-04 09:16:17,345 [INFO] visualizer.visualize: Plot saved to activity_15927324818.png
2025-10-04 09:16:17,948 [INFO] visualizer.visualize: Plot saved to activity_15927324841.png
2025-10-04 09:16:18,388 [INFO] visualizer.visualize: Plot saved to activity_15927324703.png
2025-10-04 09:16:18,993 [INFO] visualizer.visualize: Plot saved to activity_15915998218.png
2025-10-04 09:16:19,784 [INFO] visualizer.visualize: Plot saved to activity_15882717847.png
2025-10-04 09:16:20,299 [INFO] visualizer.visualize: Plot saved to activity_15860557600.png
